#
# There is insufficient memory for the Java Runtime Environment to continue.
# Native memory allocation (mmap) failed to map 117440512 bytes for G1 virtual space
# Possible reasons:
#   The system is out of physical RAM or swap space
#   The process is running with CompressedOops enabled, and the Java Heap may be blocking the growth of the native heap
# Possible solutions:
#   Reduce memory load on the system
#   Increase physical memory or swap space
#   Check if swap backing store is full
#   Decrease Java heap size (-Xmx/-Xms)
#   Decrease number of Java threads
#   Decrease Java thread stack sizes (-Xss)
#   Set larger code cache with -XX:ReservedCodeCacheSize=
#   JVM is running with Unscaled Compressed Oops mode in which the Java heap is
#     placed in the first 4GB address space. The Java Heap base address is the
#     maximum limit for the native heap growth. Please use -XX:HeapBaseMinAddress
#     to set the Java Heap base and to place the Java Heap above 4GB virtual address.
# This output file may be truncated or incomplete.
#
#  Out of Memory Error (os_windows.cpp:3530), pid=9136, tid=19692
#
# JRE version:  (18.0+36) (build )
# Java VM: OpenJDK 64-Bit Server VM (18+36-2087, mixed mode, emulated-client, sharing, tiered, compressed oops, compressed class ptrs, g1 gc, windows-amd64)
# No core dump will be written. Minidumps are not enabled by default on client versions of Windows
#

---------------  S U M M A R Y ------------

Command Line: -XX:TieredStopAtLevel=1 -Xverify:none -Dspring.output.ansi.enabled=always -Dcom.sun.management.jmxremote -Dspring.jmx.enabled=true -Dspring.liveBeansView.mbeanDomain -Dspring.application.admin.enabled=true -javaagent:C:\Program Files\JetBrains\IntelliJ IDEA 2022.1.2\lib\idea_rt.jar=61696:C:\Program Files\JetBrains\IntelliJ IDEA 2022.1.2\bin -Dfile.encoding=UTF-8 com.example.psy_server.PsyServerApplication

Host: AMD Ryzen 7 3700U with Radeon Vega Mobile Gfx  , 8 cores, 6G,  Windows 10 , 64 bit Build 19041 (10.0.19041.2788)
Time: Fri Apr 21 19:00:59 2023 RTZ 2 (s 10 , 64 bit Build 19041 (10.0.19041.2788) elapsed time: 0.029452 seconds (0d 0h 0m 0s)

---------------  T H R E A D  ---------------

Current thread (0x0000024adf845c40):  JavaThread "Unknown thread" [_thread_in_vm, id=19692, stack(0x0000006db5900000,0x0000006db5a00000)]

Stack: [0x0000006db5900000,0x0000006db5a00000]
Native frames: (J=compiled Java code, j=interpreted, Vv=VM code, C=native code)
V  [jvm.dll+0x69804a]
V  [jvm.dll+0x7f308d]
V  [jvm.dll+0x7f499e]
V  [jvm.dll+0x7f5053]
V  [jvm.dll+0x25ca3f]
V  [jvm.dll+0x694f99]
V  [jvm.dll+0x689aca]
V  [jvm.dll+0x321efb]
V  [jvm.dll+0x3298d6]
V  [jvm.dll+0x37e47e]
V  [jvm.dll+0x37e6af]
V  [jvm.dll+0x2f9c7a]
V  [jvm.dll+0x2facdd]
V  [jvm.dll+0x7c1cc0]
V  [jvm.dll+0x38b801]
V  [jvm.dll+0x7a09d3]
V  [jvm.dll+0x40d6bf]
V  [jvm.dll+0x40f091]
C  [jli.dll+0x526b]
C  [ucrtbase.dll+0x21bb2]
C  [KERNEL32.DLL+0x17604]
C  [ntdll.dll+0x526a1]


---------------  P R O C E S S  ---------------

Threads class SMR info:
_java_thread_list=0x00007ffcd10be550, length=0, elements={
}

Java Threads: ( => current thread )

Other Threads:
  0x0000024adf89cef0 WorkerThread "GC Thread#0" [stack: 0x0000006db5a00000,0x0000006db5b00000] [id=20716]
  0x0000024adf8ac9e0 ConcurrentGCThread "G1 Main Marker" [stack: 0x0000006db5b00000,0x0000006db5c00000] [id=21072]
  0x0000024adf8ad920 WorkerThread "G1 Conc#0" [stack: 0x0000006db5c00000,0x0000006db5d00000] [id=14232]

[error occurred during error reporting (printing all threads), id 0xc0000005, EXCEPTION_ACCESS_VIOLATION (0xc0000005) at pc=0x00007ffcd08ea217]

VM state: not at safepoint (not fully initialized)

VM Mutex/Monitor currently owned by a thread:  ([mutex/lock_event])
[0x0000024adf841290] Heap_lock - owner thread: 0x0000024adf845c40

Heap address: 0x0000000091000000, size: 1776 MB, Compressed Oops mode: 32-bit

CDS archive(s) mapped at: [0x0000000000000000-0x0000000000000000-0x0000000000000000), size 0, SharedBaseAddress: 0x0000000800000000, ArchiveRelocationMode: 0.
Narrow klass base: 0x0000000000000000, Narrow klass shift: 0, Narrow klass range: 0x0

GC Precious Log:
 CardTable entry size: 512
 Card Set container configuration: InlinePtr #cards 5 size 8 Array Of Cards #cards 12 size 40 Howl #buckets 4 coarsen threshold 1843 Howl Bitmap #cards 512 size 80 coarsen threshold 460 Card regions per heap region 1 cards per card region 2048

Heap:
 garbage-first heap   total 0K, used 0K [0x0000000091000000, 0x0000000100000000)
  region size 1024K, 0 young (0K), 0 survivors (0K)

[error occurred during error reporting (printing heap information), id 0xc0000005, EXCEPTION_ACCESS_VIOLATION (0xc0000005) at pc=0x00007ffcd0cd0489]

GC Heap History (0 events):
No events

Deoptimization events (0 events):
No events

Classes loaded (0 events):
No events

Classes unloaded (0 events):
No events

Classes redefined (0 events):
No events

Internal exceptions (0 events):
No events

VM Operations (0 events):
No events

Events (1 events):
Event: 0.021 Loaded shared library C:\Users\Дом\.jdks\openjdk-18\bin\java.dll


Dynamic libraries:
0x00007ff7b3e60000 - 0x00007ff7b3e6e000 	C:\Users\Дом\.jdks\openjdk-18\bin\java.exe
0x00007ffd0ba30000 - 0x00007ffd0bc28000 	C:\WINDOWS\SYSTEM32\ntdll.dll
0x00007ffd0a9d0000 - 0x00007ffd0aa8f000 	C:\WINDOWS\System32\KERNEL32.DLL
0x00007ffd094a0000 - 0x00007ffd0977a000 	C:\WINDOWS\System32\KERNELBASE.dll
0x00007ffd09110000 - 0x00007ffd09210000 	C:\WINDOWS\System32\ucrtbase.dll
0x00007ffd05fb0000 - 0x00007ffd05fca000 	C:\Users\Дом\.jdks\openjdk-18\bin\VCRUNTIME140.dll
0x00007ffd05fd0000 - 0x00007ffd05fe7000 	C:\Users\Дом\.jdks\openjdk-18\bin\jli.dll
0x00007ffd0a1a0000 - 0x00007ffd0a33d000 	C:\WINDOWS\System32\USER32.dll
0x00007ffd09780000 - 0x00007ffd097a2000 	C:\WINDOWS\System32\win32u.dll
0x00007ffd0a6a0000 - 0x00007ffd0a6cb000 	C:\WINDOWS\System32\GDI32.dll
0x00007ffd09390000 - 0x00007ffd094a0000 	C:\WINDOWS\System32\gdi32full.dll
0x00007ffd09240000 - 0x00007ffd092dd000 	C:\WINDOWS\System32\msvcp_win.dll
0x00007ffcf94a0000 - 0x00007ffcf973a000 	C:\WINDOWS\WinSxS\amd64_microsoft.windows.common-controls_6595b64144ccf1df_6.0.19041.1110_none_60b5254171f9507e\COMCTL32.dll
0x00007ffd09f00000 - 0x00007ffd09f9e000 	C:\WINDOWS\System32\msvcrt.dll
0x00007ffd0a850000 - 0x00007ffd0a880000 	C:\WINDOWS\System32\IMM32.DLL
0x00000000664f0000 - 0x00000000664fc000 	C:\Program Files (x86)\360\Total Security\safemon\SafeWrapper.dll
0x00007ffd0aa90000 - 0x00007ffd0ab3e000 	C:\WINDOWS\System32\ADVAPI32.dll
0x00007ffd0b040000 - 0x00007ffd0b0dc000 	C:\WINDOWS\System32\sechost.dll
0x00007ffd0b0e0000 - 0x00007ffd0b206000 	C:\WINDOWS\System32\RPCRT4.dll
0x00007ffcf69b0000 - 0x00007ffcf6a42000 	C:\Program Files (x86)\360\Total Security\safemon\libzdtp64.dll
0x00007ffd0b270000 - 0x00007ffd0b9b4000 	C:\WINDOWS\System32\SHELL32.dll
0x00007ffd0b210000 - 0x00007ffd0b265000 	C:\WINDOWS\System32\SHLWAPI.dll
0x00007ffd08bc0000 - 0x00007ffd08bca000 	C:\WINDOWS\SYSTEM32\VERSION.dll
0x00007ffd06010000 - 0x00007ffd0601c000 	C:\Users\Дом\.jdks\openjdk-18\bin\vcruntime140_1.dll
0x00007ffcf3460000 - 0x00007ffcf34ed000 	C:\Users\Дом\.jdks\openjdk-18\bin\msvcp140.dll
0x00007ffcd05e0000 - 0x00007ffcd11f1000 	C:\Users\Дом\.jdks\openjdk-18\bin\server\jvm.dll
0x00007ffd09a60000 - 0x00007ffd09a68000 	C:\WINDOWS\System32\PSAPI.DLL
0x00007ffce5060000 - 0x00007ffce5069000 	C:\WINDOWS\SYSTEM32\WSOCK32.dll
0x00007ffd0a880000 - 0x00007ffd0a8eb000 	C:\WINDOWS\System32\WS2_32.dll
0x00007ffd005f0000 - 0x00007ffd00617000 	C:\WINDOWS\SYSTEM32\WINMM.dll
0x00007ffd07900000 - 0x00007ffd07912000 	C:\WINDOWS\SYSTEM32\kernel.appcore.dll
0x00007ffd05fa0000 - 0x00007ffd05faa000 	C:\Users\Дом\.jdks\openjdk-18\bin\jimage.dll
0x00007ffd07360000 - 0x00007ffd07544000 	C:\WINDOWS\SYSTEM32\DBGHELP.DLL
0x00007ffcf65e0000 - 0x00007ffcf6614000 	C:\WINDOWS\SYSTEM32\dbgcore.DLL
0x00007ffd097b0000 - 0x00007ffd09832000 	C:\WINDOWS\System32\bcryptPrimitives.dll
0x00007ffd05f70000 - 0x00007ffd05f7e000 	C:\Users\Дом\.jdks\openjdk-18\bin\instrument.dll
0x00007ffd04710000 - 0x00007ffd04735000 	C:\Users\Дом\.jdks\openjdk-18\bin\java.dll

dbghelp: loaded successfully - version: 4.0.5 - missing functions: none
symbol engine: initialized successfully - sym options: 0x614 - pdb path: .;C:\Users\Дом\.jdks\openjdk-18\bin;C:\WINDOWS\SYSTEM32;C:\WINDOWS\WinSxS\amd64_microsoft.windows.common-controls_6595b64144ccf1df_6.0.19041.1110_none_60b5254171f9507e;C:\Program Files (x86)\360\Total Security\safemon;C:\Users\Дом\.jdks\openjdk-18\bin\server

VM Arguments:
jvm_args: -XX:TieredStopAtLevel=1 -Xverify:none -Dspring.output.ansi.enabled=always -Dcom.sun.management.jmxremote -Dspring.jmx.enabled=true -Dspring.liveBeansView.mbeanDomain -Dspring.application.admin.enabled=true -javaagent:C:\Program Files\JetBrains\IntelliJ IDEA 2022.1.2\lib\idea_rt.jar=61696:C:\Program Files\JetBrains\IntelliJ IDEA 2022.1.2\bin -Dfile.encoding=UTF-8 
java_command: com.example.psy_server.PsyServerApplication
java_class_path (initial): D:\Projects\1BIG_PROJECT\psy_server\target\classes;C:\Users\Дом\.m2\repository\org\springframework\boot\spring-boot-starter-data-jpa\2.7.10\spring-boot-starter-data-jpa-2.7.10.jar;C:\Users\Дом\.m2\repository\org\springframework\boot\spring-boot-starter-aop\2.7.10\spring-boot-starter-aop-2.7.10.jar;C:\Users\Дом\.m2\repository\org\aspectj\aspectjweaver\1.9.7\aspectjweaver-1.9.7.jar;C:\Users\Дом\.m2\repository\org\springframework\boot\spring-boot-starter-jdbc\2.7.10\spring-boot-starter-jdbc-2.7.10.jar;C:\Users\Дом\.m2\repository\com\zaxxer\HikariCP\4.0.3\HikariCP-4.0.3.jar;C:\Users\Дом\.m2\repository\org\springframework\spring-jdbc\5.3.26\spring-jdbc-5.3.26.jar;C:\Users\Дом\.m2\repository\jakarta\transaction\jakarta.transaction-api\1.3.3\jakarta.transaction-api-1.3.3.jar;C:\Users\Дом\.m2\repository\jakarta\persistence\jakarta.persistence-api\2.2.3\jakarta.persistence-api-2.2.3.jar;C:\Users\Дом\.m2\repository\org\hibernate\hibernate-core\5.6.15.Final\hibernate-core-5.6.15.Final.jar;C:\Users\Дом\.m2\repository\org\jboss\logging\jboss-logging\3.4.3.Final\jboss-logging-3.4.3.Final.jar;C:\Users\Дом\.m2\repository\net\bytebuddy\byte-buddy\1.12.23\byte-buddy-1.12.23.jar;C:\Users\Дом\.m2\repository\antlr\antlr\2.7.7\antlr-2.7.7.jar;C:\Users\Дом\.m2\repository\org\jboss\jandex\2.4.2.Final\jandex-2.4.2.Final.jar;C:\Users\Дом\.m2\repository\com\fasterxml\classmate\1.5.1\classmate-1.5.1.jar;C:\Users\Дом\.m2\repository\org\hibernate\common\hibernate-commons-annotations\5.1.2.Final\hibernate-commons-annotations-5.1.2.Final.jar;C:\Users\Дом\.m2\repository\org\glassfish\jaxb\jaxb-runtime\2.3.8\jaxb-runtime-2.3.8.jar;C:\Users\Дом\.m2\repository\org\glassfish\jaxb\txw2\2.3.8\txw2-2.3.8.jar;C:\Users\Дом\.m2\repository\com\sun\istack\istack-commons-runtime\3.0.12\istack-commons-runtime-3.0.12.jar;C:\Users\Дом\.m2\repository\com\sun\activation\jakarta.activation\1.2.2\jakarta.activation-1.2.2.jar;C:\Users\Дом\.m2\repository\org\springframework\data\spring-data-jpa\2.7.10\spring-data-jpa-2.7.10.jar;C:\Users\Дом\.m2\repository\org\springframework\data\spring-data-commons\2.7.10\spring-data-commons-2.7.10.jar;C:\Users\Дом\.m2\repository\org\springframework\spring-orm\5.3.26\spring-orm-5.3.26.jar;C:\Users\Дом\.m2\repository\org\springframework\spring-context\5.3.26\spring-context-5.3.26.jar;C:\Users\Дом\.m2\repository\org\springframework\spring-tx\5.3.26\spring-tx-5.3.26.jar;C:\Users\Дом\.m2\repository\org\springframework\spring-beans\5.3.26\spring-beans-5.3.26.jar;C:\Users\Дом\.m2\repository\org\slf4j\slf4j-api\1.7.36\slf4j-api-1.7.36.jar;C:\Users\Дом\.m2\repository\org\springframework\spring-aspects\5.3.26\spring-aspects-5.3.26.jar;C:\Users\Дом\.m2\repository\org\springframework\boot\spring-boot-starter-security\2.7.10\spring-boot-starter-security-2.7.10.jar;C:\Users\Дом\.m2\repository\org\springframework\boot\spring-boot-starter\2.7.10\spring-boot-starter-2.7.10.jar;C:\Users\Дом\.m2\repository\org\springframework\boot\spring-boot\2.7.10\spring-boot-2.7.10.jar;C:\Users\Дом\.m2\repository\org\springframework\boot\spring-boot-autoconfigure\2.7.10\spring-boot-autoconfigure-2.7.10.jar;C:\Users\Дом\.m2\repository\org\springframework\boot\spring-boot-starter-logging\2.7.10\spring-boot-starter-logging-2.7.10.jar;C:\Users\Дом\.m2\repository\ch\qos\logback\logback-classic\1.2.11\logback-classic-1.2.11.jar;C:\Users\Дом\.m2\repository\ch\qos\logback\logback-core\1.2.11\logback-core-1.2.11.jar;C:\Users\Дом\.m2\repository\org\apache\logging\log4j\log4j-to-slf4j\2.17.2\log4j-to-slf4j-2.17.2.jar;C:\Users\Дом\.m2\repository\org\apache\logging\log4j\log4j-api\2.17.2\log4j-api-2.17.2.jar;C:\Users\Дом\.m2\repository\org\slf4j\jul-to-slf4j\1.7.36\jul-to-slf4j-1.7.36.jar;C:\Users\Дом\.m2\repository\jakarta\annotation\jakarta.annotation-api\1.3.5\jakarta.annotation-api-1.3.5.jar;C:\Users\Дом\.m2\repository\org\yaml\snakeyaml\1.30\snakeyaml-1.30.jar;C:\Users\Дом\.m2\repository\org\springframework\spring-aop\5.3.26\spring-aop-5.3.26.jar;C:\Users\Дом\.m2\repository\org\springframework\security\spring-security-config\5.7.7\spring-security-config-5.7.7.jar;C:\Users\Дом\.m2\repository\org\springframework\security\spring-security-web\5.7.7\spring-security-web-5.7.7.jar;C:\Users\Дом\.m2\repository\org\springframework\spring-expression\5.3.26\spring-expression-5.3.26.jar;C:\Users\Дом\.m2\repository\org\springframework\boot\spring-boot-starter-validation\2.7.10\spring-boot-starter-validation-2.7.10.jar;C:\Users\Дом\.m2\repository\org\apache\tomcat\embed\tomcat-embed-el\9.0.73\tomcat-embed-el-9.0.73.jar;C:\Users\Дом\.m2\repository\org\hibernate\validator\hibernate-validator\6.2.5.Final\hibernate-validator-6.2.5.Final.jar;C:\Users\Дом\.m2\repository\jakarta\validation\jakarta.validation-api\2.0.2\jakarta.validation-api-2.0.2.jar;C:\Users\Дом\.m2\repository\org\springframework\boot\spring-boot-starter-web\2.7.10\spring-boot-starter-web-2.7.10.jar;C:\Users\Дом\.m2\repository\org\springframework\boot\spring-boot-starter-json\2.7.10\spring-boot-starter-json-2.7.10.jar;C:\Users\Дом\.m2\repository\com\fasterxml\jackson\datatype\jackson-datatype-jdk8\2.13.5\jackson-datatype-jdk8-2.13.5.jar;C:\Users\Дом\.m2\repository\com\fasterxml\jackson\datatype\jackson-datatype-jsr310\2.13.5\jackson-datatype-jsr310-2.13.5.jar;C:\Users\Дом\.m2\repository\com\fasterxml\jackson\module\jackson-module-parameter-names\2.13.5\jackson-module-parameter-names-2.13.5.jar;C:\Users\Дом\.m2\repository\org\springframework\boot\spring-boot-starter-tomcat\2.7.10\spring-boot-starter-tomcat-2.7.10.jar;C:\Users\Дом\.m2\repository\org\apache\tomcat\embed\tomcat-embed-core\9.0.73\tomcat-embed-core-9.0.73.jar;C:\Users\Дом\.m2\repository\org\apache\tomcat\embed\tomcat-embed-websocket\9.0.73\tomcat-embed-websocket-9.0.73.jar;C:\Users\Дом\.m2\repository\org\springframework\spring-web\5.3.26\spring-web-5.3.26.jar;C:\Users\Дом\.m2\repository\org\springframework\spring-webmvc\5.3.26\spring-webmvc-5.3.26.jar;C:\Users\Дом\.m2\repository\org\postgresql\postgresql\42.3.8\postgresql-42.3.8.jar;C:\Users\Дом\.m2\repository\org\checkerframework\checker-qual\3.5.0\checker-qual-3.5.0.jar;C:\Users\Дом\.m2\repository\org\projectlombok\lombok\1.18.26\lombok-1.18.26.jar;C:\Users\Дом\.m2\repository\jakarta\xml\bind\jakarta.xml.bind-api\2.3.3\jakarta.xml.bind-api-2.3.3.jar;C:\Users\Дом\.m2\repository\jakarta\activation\jakarta.activation-api\1.2.2\jakarta.activation-api-1.2.2.jar;C:\Users\Дом\.m2\repository\org\springframework\spring-core\5.3.26\spring-core-5.3.26.jar;C:\Users\Дом\.m2\repository\org\springframework\spring-jcl\5.3.26\spring-jcl-5.3.26.jar;C:\Users\Дом\.m2\repository\org\springframework\security\spring-security-core\5.7.7\spring-security-core-5.7.7.jar;C:\Users\Дом\.m2\repository\org\springframework\security\spring-security-crypto\5.7.7\spring-security-crypto-5.7.7.jar;C:\Users\Дом\.m2\repository\io\jsonwebtoken\jjwt\0.9.1\jjwt-0.9.1.jar;C:\Users\Дом\.m2\repository\com\fasterxml\jackson\core\jackson-databind\2.13.5\jackson-databind-2.13.5.jar;C:\Users\Дом\.m2\repository\com\fasterxml\jackson\core\jackson-annotations\2.13.5\jackson-annotations-2.13.5.jar;C:\Users\Дом\.m2\repository\com\fasterxml\jackson\core\jackson-core\2.13.5\jackson-core-2.13.5.jar;C:\Users\Дом\.m2\repository\com\google\code\gson\gson\2.9.1\gson-2.9.1.jar
Launcher Type: SUN_STANDARD

[Global flags]
     intx CICompilerCount                          = 4                                         {product} {ergonomic}
     uint ConcGCThreads                            = 2                                         {product} {ergonomic}
     uint G1ConcRefinementThreads                  = 8                                         {product} {ergonomic}
   size_t G1HeapRegionSize                         = 1048576                                   {product} {ergonomic}
    uintx GCDrainStackTargetSize                   = 64                                        {product} {ergonomic}
   size_t InitialHeapSize                          = 117440512                                 {product} {ergonomic}
     bool ManagementServer                         = true                                      {product} {command line}
   size_t MarkStackSize                            = 4194304                                   {product} {ergonomic}
   size_t MaxHeapSize                              = 1862270976                                {product} {ergonomic}
   size_t MinHeapDeltaBytes                        = 1048576                                   {product} {ergonomic}
   size_t MinHeapSize                              = 8388608                                   {product} {ergonomic}
    uintx NonProfiledCodeHeapSize                  = 0                                      {pd product} {ergonomic}
     bool ProfileInterpreter                       = false                                  {pd product} {command line}
    uintx ProfiledCodeHeapSize                     = 0                                      {pd product} {ergonomic}
   size_t SoftMaxHeapSize                          = 1862270976                             {manageable} {ergonomic}
     intx TieredStopAtLevel                        = 1                                         {product} {command line}
     bool UseCompressedClassPointers               = true                           {product lp64_product} {ergonomic}
     bool UseCompressedOops                        = true                           {product lp64_product} {ergonomic}
     bool UseG1GC                                  = true                                      {product} {ergonomic}
     bool UseLargePagesIndividualAllocation        = false                                  {pd product} {ergonomic}

Logging:
Log output configuration:
 #0: stdout all=warning uptime,level,tags foldmultilines=false
 #1: stderr all=off uptime,level,tags foldmultilines=false

Environment Variables:
PATH=C:\Program Files\Common Files\Oracle\Java\javapath;C:\Program Files (x86)\Common Files\Oracle\Java\javapath;C:\ProgramData\Oracle\Java\javapath;C:\WINDOWS\system32;C:\WINDOWS;C:\WINDOWS\System32\Wbem;C:\WINDOWS\System32\WindowsPowerShell\v1.0\;C:\WINDOWS\System32\OpenSSH\;C:\Program Files\dotnet\;D:\Git\cmd;C:\Program Files (x86)\dotnet\;C:\Program Files\apache-maven-3.8.6\bin;;C:\Program Files\Docker\Docker\resources\bin;C:\Program Files\nodejs\;C:\Program Files\Microsoft SQL Server\150\Tools\Binn\;C:\Python38-32\Scripts\;C:\Python38-32\;C:\Users\Дом\AppData\Local\Programs\Python\Launcher\;C:\Users\Дом\AppData\Local\Microsoft\WindowsApps;C:\Program Files\JetBrains\PyCharm 2020.1\bin;;D:\JetBrains\CLion 2020.1\bin;;C:\MinGW\bin;C:\Users\Дом\AppData\Local\Programs\Microsoft VS Code\bin;C:\Program Files\JetBrains\IntelliJ IDEA 2022.1.2\bin;;C:\Program Files\apache-maven-3.8.6\bin;C:\Users\Дом\AppData\Roaming\npm
USERNAME=Дом
OS=Windows_NT
PROCESSOR_IDENTIFIER=AMD64 Family 23 Model 24 Stepping 1, AuthenticAMD



---------------  S Y S T E M  ---------------

OS:
 Windows 10 , 64 bit Build 19041 (10.0.19041.2788)
OS uptime: 2 days 6:16 hours
Hyper-V role detected

CPU: total 8 (initial active 8) (8 cores per cpu, 2 threads per core) family 23 model 24 stepping 1 microcode 0x0, cx8, cmov, fxsr, ht, mmx, 3dnowpref, sse, sse2, sse3, ssse3, sse4a, sse4.1, sse4.2, popcnt, lzcnt, tsc, tscinvbit, avx, avx2, aes, clmul, bmi1, bmi2, adx, sha, fma, vzeroupper, clflush, clflushopt, hv

Memory: 4k page, system-wide physical 7103M (248M free)
TotalPageFile size 17343M (AvailPageFile size 65M)
current process WorkingSet (physical memory assigned to process): 11M, peak: 11M
current process commit charge ("private bytes"): 55M, peak: 167M

vm_info: OpenJDK 64-Bit Server VM (18+36-2087) for windows-amd64 JRE (18+36-2087), built on Feb 15 2022 09:37:35 by "mach5one" with MS VC++ 16.8 / 16.9 (VS2019)

END.
